<?xml version="1.0" encoding="UTF-8"?>
<testng-results skipped="0" failed="1" ignored="0" total="6" passed="5">
  <reporter-output>
  </reporter-output>
  <suite name="Assignment Suite" duration-ms="20089" started-at="2021-03-16T03:54:47Z" finished-at="2021-03-16T03:55:07Z">
    <groups>
    </groups>
    <test name="Regression Suite" duration-ms="20089" started-at="2021-03-16T03:54:47Z" finished-at="2021-03-16T03:55:07Z">
      <class name="com.govtech.assignment.OppenheimerGuiTest">
        <test-method status="PASS" signature="springTestContextBeforeTestClass()[pri:0, instance:com.govtech.assignment.OppenheimerGuiTest@6295d394]" name="springTestContextBeforeTestClass" is-config="true" duration-ms="18" started-at="2021-03-16T03:54:47Z" finished-at="2021-03-16T03:54:47Z">
          <reporter-output>
          </reporter-output>
        </test-method> <!-- springTestContextBeforeTestClass -->
        <test-method status="PASS" signature="springTestContextPrepareTestInstance()[pri:0, instance:com.govtech.assignment.OppenheimerGuiTest@6295d394]" name="springTestContextPrepareTestInstance" is-config="true" duration-ms="378" started-at="2021-03-16T03:54:47Z" depends-on-methods="org.springframework.test.context.testng.AbstractTestNGSpringContextTests.springTestContextBeforeTestClass" finished-at="2021-03-16T03:54:48Z">
          <reporter-output>
          </reporter-output>
        </test-method> <!-- springTestContextPrepareTestInstance -->
        <test-method status="PASS" signature="springTestContextBeforeTestMethod(java.lang.reflect.Method)[pri:0, instance:com.govtech.assignment.OppenheimerGuiTest@6295d394]" name="springTestContextBeforeTestMethod" is-config="true" duration-ms="1" started-at="2021-03-16T03:54:48Z" finished-at="2021-03-16T03:54:48Z">
          <params>
            <param index="0">
              <value>
                <![CDATA[public void com.govtech.assignment.OppenheimerGuiTest.test_rake_database() throws java.io.IOException,java.lang.InterruptedException]]>
              </value>
            </param>
          </params>
          <reporter-output>
          </reporter-output>
        </test-method> <!-- springTestContextBeforeTestMethod -->
        <test-method status="PASS" signature="beforeEachTestSetup()[pri:0, instance:com.govtech.assignment.OppenheimerGuiTest@6295d394]" name="beforeEachTestSetup" is-config="true" duration-ms="4353" started-at="2021-03-16T03:54:48Z" finished-at="2021-03-16T03:54:52Z">
          <reporter-output>
          </reporter-output>
        </test-method> <!-- beforeEachTestSetup -->
        <test-method status="PASS" signature="test_rake_database()[pri:9, instance:com.govtech.assignment.OppenheimerGuiTest@6295d394]" name="test_rake_database" duration-ms="1720" started-at="2021-03-16T03:54:52Z" finished-at="2021-03-16T03:54:54Z">
          <reporter-output>
          </reporter-output>
        </test-method> <!-- test_rake_database -->
        <test-method status="PASS" signature="tearDown()[pri:0, instance:com.govtech.assignment.OppenheimerGuiTest@6295d394]" name="tearDown" is-config="true" duration-ms="860" started-at="2021-03-16T03:54:54Z" finished-at="2021-03-16T03:54:55Z">
          <reporter-output>
          </reporter-output>
        </test-method> <!-- tearDown -->
        <test-method status="PASS" signature="springTestContextAfterTestMethod(java.lang.reflect.Method)[pri:0, instance:com.govtech.assignment.OppenheimerGuiTest@6295d394]" name="springTestContextAfterTestMethod" is-config="true" duration-ms="2" started-at="2021-03-16T03:54:55Z" finished-at="2021-03-16T03:54:55Z">
          <params>
            <param index="0">
              <value>
                <![CDATA[public void com.govtech.assignment.OppenheimerGuiTest.test_rake_database() throws java.io.IOException,java.lang.InterruptedException]]>
              </value>
            </param>
          </params>
          <reporter-output>
          </reporter-output>
        </test-method> <!-- springTestContextAfterTestMethod -->
        <test-method status="PASS" signature="springTestContextBeforeTestMethod(java.lang.reflect.Method)[pri:0, instance:com.govtech.assignment.OppenheimerGuiTest@6295d394]" name="springTestContextBeforeTestMethod" is-config="true" duration-ms="0" started-at="2021-03-16T03:54:55Z" finished-at="2021-03-16T03:54:55Z">
          <params>
            <param index="0">
              <value>
                <![CDATA[public void com.govtech.assignment.OppenheimerGuiTest.test_upload_csv_to_portal() throws java.io.IOException,java.lang.InterruptedException]]>
              </value>
            </param>
          </params>
          <reporter-output>
          </reporter-output>
        </test-method> <!-- springTestContextBeforeTestMethod -->
        <test-method status="PASS" signature="beforeEachTestSetup()[pri:0, instance:com.govtech.assignment.OppenheimerGuiTest@6295d394]" name="beforeEachTestSetup" is-config="true" duration-ms="4276" started-at="2021-03-16T03:54:55Z" finished-at="2021-03-16T03:54:59Z">
          <reporter-output>
          </reporter-output>
        </test-method> <!-- beforeEachTestSetup -->
        <test-method status="PASS" signature="test_upload_csv_to_portal()[pri:10, instance:com.govtech.assignment.OppenheimerGuiTest@6295d394]" name="test_upload_csv_to_portal" duration-ms="795" started-at="2021-03-16T03:54:59Z" finished-at="2021-03-16T03:55:00Z">
          <reporter-output>
          </reporter-output>
        </test-method> <!-- test_upload_csv_to_portal -->
        <test-method status="PASS" signature="tearDown()[pri:0, instance:com.govtech.assignment.OppenheimerGuiTest@6295d394]" name="tearDown" is-config="true" duration-ms="731" started-at="2021-03-16T03:55:00Z" finished-at="2021-03-16T03:55:01Z">
          <reporter-output>
          </reporter-output>
        </test-method> <!-- tearDown -->
        <test-method status="PASS" signature="springTestContextAfterTestMethod(java.lang.reflect.Method)[pri:0, instance:com.govtech.assignment.OppenheimerGuiTest@6295d394]" name="springTestContextAfterTestMethod" is-config="true" duration-ms="1" started-at="2021-03-16T03:55:01Z" finished-at="2021-03-16T03:55:01Z">
          <params>
            <param index="0">
              <value>
                <![CDATA[public void com.govtech.assignment.OppenheimerGuiTest.test_upload_csv_to_portal() throws java.io.IOException,java.lang.InterruptedException]]>
              </value>
            </param>
          </params>
          <reporter-output>
          </reporter-output>
        </test-method> <!-- springTestContextAfterTestMethod -->
        <test-method status="PASS" signature="springTestContextBeforeTestMethod(java.lang.reflect.Method)[pri:0, instance:com.govtech.assignment.OppenheimerGuiTest@6295d394]" name="springTestContextBeforeTestMethod" is-config="true" duration-ms="1" started-at="2021-03-16T03:55:01Z" finished-at="2021-03-16T03:55:01Z">
          <params>
            <param index="0">
              <value>
                <![CDATA[public void com.govtech.assignment.OppenheimerGuiTest.test_dispense_button_validation()]]>
              </value>
            </param>
          </params>
          <reporter-output>
          </reporter-output>
        </test-method> <!-- springTestContextBeforeTestMethod -->
        <test-method status="PASS" signature="beforeEachTestSetup()[pri:0, instance:com.govtech.assignment.OppenheimerGuiTest@6295d394]" name="beforeEachTestSetup" is-config="true" duration-ms="3079" started-at="2021-03-16T03:55:01Z" finished-at="2021-03-16T03:55:04Z">
          <reporter-output>
          </reporter-output>
        </test-method> <!-- beforeEachTestSetup -->
        <test-method status="PASS" signature="test_dispense_button_validation()[pri:11, instance:com.govtech.assignment.OppenheimerGuiTest@6295d394]" name="test_dispense_button_validation" duration-ms="886" started-at="2021-03-16T03:55:04Z" finished-at="2021-03-16T03:55:05Z">
          <reporter-output>
          </reporter-output>
        </test-method> <!-- test_dispense_button_validation -->
        <test-method status="PASS" signature="tearDown()[pri:0, instance:com.govtech.assignment.OppenheimerGuiTest@6295d394]" name="tearDown" is-config="true" duration-ms="802" started-at="2021-03-16T03:55:05Z" finished-at="2021-03-16T03:55:06Z">
          <reporter-output>
          </reporter-output>
        </test-method> <!-- tearDown -->
        <test-method status="PASS" signature="springTestContextAfterTestMethod(java.lang.reflect.Method)[pri:0, instance:com.govtech.assignment.OppenheimerGuiTest@6295d394]" name="springTestContextAfterTestMethod" is-config="true" duration-ms="1" started-at="2021-03-16T03:55:06Z" finished-at="2021-03-16T03:55:06Z">
          <params>
            <param index="0">
              <value>
                <![CDATA[public void com.govtech.assignment.OppenheimerGuiTest.test_dispense_button_validation()]]>
              </value>
            </param>
          </params>
          <reporter-output>
          </reporter-output>
        </test-method> <!-- springTestContextAfterTestMethod -->
        <test-method status="PASS" signature="springTestContextAfterTestClass()[pri:0, instance:com.govtech.assignment.OppenheimerGuiTest@6295d394]" name="springTestContextAfterTestClass" is-config="true" duration-ms="0" started-at="2021-03-16T03:55:06Z" finished-at="2021-03-16T03:55:06Z">
          <reporter-output>
          </reporter-output>
        </test-method> <!-- springTestContextAfterTestClass -->
      </class> <!-- com.govtech.assignment.OppenheimerGuiTest -->
      <class name="com.govtech.assignment.OppenheimerApiTest">
        <test-method status="PASS" signature="test_insert_single_record_of_working_class_hero(com.govtech.assignment.HeroDetails)[pri:11, instance:com.govtech.assignment.OppenheimerApiTest@475e586c]" name="test_insert_single_record_of_working_class_hero" duration-ms="89" started-at="2021-03-16T03:55:06Z" data-provider="getHeroDetails" finished-at="2021-03-16T03:55:06Z">
          <params>
            <param index="0">
              <value>
                <![CDATA[com.govtech.assignment.HeroDetails@2f521c4]]>
              </value>
            </param>
          </params>
          <reporter-output>
          </reporter-output>
        </test-method> <!-- test_insert_single_record_of_working_class_hero -->
        <test-method status="PASS" signature="test_insert_multiple_record_of_working_class_hero()[pri:12, instance:com.govtech.assignment.OppenheimerApiTest@475e586c]" name="test_insert_multiple_record_of_working_class_hero" duration-ms="127" started-at="2021-03-16T03:55:06Z" finished-at="2021-03-16T03:55:06Z">
          <reporter-output>
          </reporter-output>
        </test-method> <!-- test_insert_multiple_record_of_working_class_hero -->
        <test-method status="FAIL" signature="test_query_amount_of_tax_relief_for_each_person()[pri:13, instance:com.govtech.assignment.OppenheimerApiTest@475e586c]" name="test_query_amount_of_tax_relief_for_each_person" duration-ms="898" started-at="2021-03-16T03:55:06Z" finished-at="2021-03-16T03:55:07Z">
          <exception class="java.lang.AssertionError">
            <message>
              <![CDATA[1. Tax relief is wrongly calculated for- Jon expected [0.00] but found [1816.65]]]>
            </message>
            <full-stacktrace>
              <![CDATA[java.lang.AssertionError: 1. Tax relief is wrongly calculated for- Jon expected [0.00] but found [1816.65]
at org.testng.Assert.fail(Assert.java:96)
at org.testng.Assert.failNotEquals(Assert.java:776)
at org.testng.Assert.assertEqualsImpl(Assert.java:137)
at org.testng.Assert.assertEquals(Assert.java:118)
at org.testng.Assert.assertEquals(Assert.java:453)
at com.govtech.assignment.OppenheimerApiTest.test_query_amount_of_tax_relief_for_each_person(OppenheimerApiTest.java:149)
at sun.reflect.NativeMethodAccessorImpl.invoke0(Native Method)
at sun.reflect.NativeMethodAccessorImpl.invoke(Unknown Source)
at sun.reflect.DelegatingMethodAccessorImpl.invoke(Unknown Source)
at java.lang.reflect.Method.invoke(Unknown Source)
at org.testng.internal.MethodInvocationHelper.invokeMethod(MethodInvocationHelper.java:124)
at org.testng.internal.Invoker.invokeMethod(Invoker.java:583)
at org.testng.internal.Invoker.invokeTestMethod(Invoker.java:719)
at org.testng.internal.Invoker.invokeTestMethods(Invoker.java:989)
at org.testng.internal.TestMethodWorker.invokeTestMethods(TestMethodWorker.java:125)
at org.testng.internal.TestMethodWorker.run(TestMethodWorker.java:109)
at org.testng.TestRunner.privateRun(TestRunner.java:648)
at org.testng.TestRunner.run(TestRunner.java:505)
at org.testng.SuiteRunner.runTest(SuiteRunner.java:455)
at org.testng.SuiteRunner.runSequentially(SuiteRunner.java:450)
at org.testng.SuiteRunner.privateRun(SuiteRunner.java:415)
at org.testng.SuiteRunner.run(SuiteRunner.java:364)
at org.testng.SuiteRunnerWorker.runSuite(SuiteRunnerWorker.java:52)
at org.testng.SuiteRunnerWorker.run(SuiteRunnerWorker.java:84)
at org.testng.TestNG.runSuitesSequentially(TestNG.java:1208)
at org.testng.TestNG.runSuitesLocally(TestNG.java:1137)
at org.testng.TestNG.runSuites(TestNG.java:1049)
at org.testng.TestNG.run(TestNG.java:1017)
at org.testng.remote.AbstractRemoteTestNG.run(AbstractRemoteTestNG.java:132)
at org.testng.remote.RemoteTestNG.initAndRun(RemoteTestNG.java:236)
at org.testng.remote.RemoteTestNG.main(RemoteTestNG.java:81)
]]>
            </full-stacktrace>
          </exception> <!-- java.lang.AssertionError -->
          <reporter-output>
          </reporter-output>
        </test-method> <!-- test_query_amount_of_tax_relief_for_each_person -->
      </class> <!-- com.govtech.assignment.OppenheimerApiTest -->
    </test> <!-- Regression Suite -->
  </suite> <!-- Assignment Suite -->
</testng-results>
